<?xml version="1.0" encoding="UTF-8"?>
<!-- Generated by org.testng.reporters.JUnitReportReporter -->
<testsuite skipped="0" hostname="DESKTOP-5Q0UQTD" name="org.test.BrowserLaunch" tests="1" failures="0" timestamp="26 Oct 2021 23:15:41 GMT" time="0.024" errors="0">
  <testcase name="testCase" time="0.024" classname="org.test.BrowserLaunch"/>
</testsuite> <!-- org.test.BrowserLaunch -->
